2024-05-22 오전 10:01:59	이 로그에는 사용자 'son'이(가) 컴퓨터 'DESKTOP-IUG6CP8'의 프로젝트 'Hawaso.SqlServer'(으)로 스키마를 가져오는 작업에 대한 정보가 들어 있습니다.
2024-05-22 오전 10:01:59	데이터베이스 스키마 가져오기를 시작했습니다.
2024-05-22 오전 10:02:01	데이터베이스 자격 증명을 모으는 중
2024-05-22 오전 10:02:01	데이터베이스 옵션을 모으고 있습니다.
2024-05-22 오전 10:02:01	일반 데이터베이스 범위 구성 옵션 수집
2024-05-22 오전 10:02:01	사용자를 모으고 있습니다.
2024-05-22 오전 10:02:01	역할을 모으고 있습니다.
2024-05-22 오전 10:02:01	애플리케이션 역할을 모으고 있습니다.
2024-05-22 오전 10:02:01	역할 멤버 자격을 모으고 있습니다.
2024-05-22 오전 10:02:01	파일 그룹을 모으고 있습니다.
2024-05-22 오전 10:02:01	전체 텍스트 카탈로그를 모으고 있습니다.
2024-05-22 오전 10:02:01	어셈블리를 모으고 있습니다.
2024-05-22 오전 10:02:01	인증서를 모으고 있습니다.
2024-05-22 오전 10:02:01	비대칭 키를 모으고 있습니다.
2024-05-22 오전 10:02:01	대칭 키를 모으고 있습니다.
2024-05-22 오전 10:02:01	암호화된 대칭 키를 모으고 있습니다.
2024-05-22 오전 10:02:01	스키마를 모으고 있습니다.
2024-05-22 오전 10:02:01	XML 스키마 컬렉션을 모으고 있습니다.
2024-05-22 오전 10:02:01	사용자 정의 데이터 형식을 모으고 있습니다.
2024-05-22 오전 10:02:01	사용자 정의 유형을 모으고 있습니다.
2024-05-22 오전 10:02:01	테이블 형식을 모으고 있습니다.
2024-05-22 오전 10:02:01	테이블 형식에 대한 고유 키를 모으고 있습니다.
2024-05-22 오전 10:02:01	테이블 형식에 대한 기본 키를 모으고 있습니다.
2024-05-22 오전 10:02:01	테이블 형식에 대해 인덱스를 모으는 중
2024-05-22 오전 10:02:02	테이블 형식에 대한 CHECK 제약 조건을 모으고 있습니다.
2024-05-22 오전 10:02:02	테이블 형식에 대한 DEFAULT 제약 조건을 모으고 있습니다.
2024-05-22 오전 10:02:02	파티션 함수를 모으고 있습니다.
2024-05-22 오전 10:02:02	파티션 구성표를 모으고 있습니다.
2024-05-22 오전 10:02:02	함수를 모으고 있습니다.
2024-05-22 오전 10:02:02	암호화된 함수를 모으고 있습니다.
2024-05-22 오전 10:02:02	집계를 모으고 있습니다.
2024-05-22 오전 10:02:02	프로시저를 모으고 있습니다.
2024-05-22 오전 10:02:02	암호화된 프로시저를 모으고 있습니다.
2024-05-22 오전 10:02:02	테이블을 모으고 있습니다.
2024-05-22 오전 10:02:02	기본 키를 모으고 있습니다.
2024-05-22 오전 10:02:02	UNIQUE 제약 조건을 모으고 있습니다.
2024-05-22 오전 10:02:02	외래 키를 모으고 있습니다.
2024-05-22 오전 10:02:02	DEFAULT 제약 조건을 모으고 있습니다.
2024-05-22 오전 10:02:02	CHECK 제약 조건을 모으고 있습니다.
2024-05-22 오전 10:02:02	뷰를 모으고 있습니다.
2024-05-22 오전 10:02:02	암호화된 뷰를 모으고 있습니다.
2024-05-22 오전 10:02:02	인덱스를 모으고 있습니다.
2024-05-22 오전 10:02:02	통계를 모으고 있습니다.
2024-05-22 오전 10:02:02	전체 텍스트 인덱스 중지 목록을 모으고 있습니다.
2024-05-22 오전 10:02:02	검색 속성 목록을 모으고 있습니다.
2024-05-22 오전 10:02:02	검색 속성을 모으고 있습니다.
2024-05-22 오전 10:02:02	전체 텍스트 인덱스를 모으고 있습니다.
2024-05-22 오전 10:02:02	열 저장 인덱스를 가져오고 있습니다.
2024-05-22 오전 10:02:02	공간 인덱스를 모으고 있습니다.
2024-05-22 오전 10:02:02	XML 인덱스를 모으고 있습니다.
2024-05-22 오전 10:02:02	선택적 XML 인덱스를 모으고 있습니다.
2024-05-22 오전 10:02:02	암호화된 트리거를 모으고 있습니다.
2024-05-22 오전 10:02:02	트리거를 모으고 있습니다.
2024-05-22 오전 10:02:02	암호화 및 clr ddl 트리거를 모으고 있습니다.
2024-05-22 오전 10:02:02	ddl 트리거를 모으고 있습니다.
2024-05-22 오전 10:02:02	에지 제약 조건을 만드는 중
2024-05-22 오전 10:02:02	동의어를 모으고 있습니다.
2024-05-22 오전 10:02:02	기본값을 모으고 있습니다.
2024-05-22 오전 10:02:02	데이터 제약 조건 uddt 바인딩을 모으고 있습니다.
2024-05-22 오전 10:02:02	규칙을 모으고 있습니다.
2024-05-22 오전 10:02:02	데이터 제약 조건 uddt 바인딩을 모으고 있습니다.
2024-05-22 오전 10:02:02	메시지 유형을 모으고 있습니다.
2024-05-22 오전 10:02:02	큐를 모으고 있습니다.
2024-05-22 오전 10:02:02	계약을 모으고 있습니다.
2024-05-22 오전 10:02:02	서비스를 모으고 있습니다.
2024-05-22 오전 10:02:02	이벤트 알림을 모으고 있습니다.
2024-05-22 오전 10:02:02	원격 서비스 바인딩을 모으고 있습니다.
2024-05-22 오전 10:02:02	Broker 우선 순위를 모으고 있습니다.
2024-05-22 오전 10:02:02	서명을 모으고 있습니다.
2024-05-22 오전 10:02:02	데이터 압축 옵션 모으기
2024-05-22 오전 10:02:02	시퀀스 유형을 모으고 있습니다.
2024-05-22 오전 10:02:02	보안 정책을 모으고 있습니다.
2024-05-22 오전 10:02:02	열 암호화 키 수집
2024-05-22 오전 10:02:02	열 마스터 키 수집 중
2024-05-22 오전 10:02:02	외부 데이터 원본 수집 중
2024-05-22 오전 10:02:02	외부 파일 형식 수집 중
2024-05-22 오전 10:02:02	외부 테이블 수집 중
2024-05-22 오전 10:02:02	확장 속성을 모으고 있습니다.
2024-05-22 오전 10:02:02	어셈블리를 모으고 있습니다.
2024-05-22 오전 10:02:02	프로젝트에서 중복 요소를 검색하고 있습니다.
2024-05-22 오전 10:02:02	중복 요소를 처리했습니다.
2024-05-22 오전 10:02:02	데이터베이스 가져오기를 완료했습니다.
2024-05-22 오전 10:02:02	가져오기 요약 정보가 다음 위치에 저장되었습니다. D:\00-git\blazor\Hawaso-study\Hawaso.SqlServer\스키마 로그 가져오기\Hawaso.SqlServer_20240522010159.log
2024-05-22 오전 10:02:02	계속하려면 [마침]을 클릭하십시오....
